<?xml version="1.0" encoding="UTF-8"?>
<testsuite xmlns:xsi="http://www.w3.org/2001/XMLSchema-instance" xsi:noNamespaceSchemaLocation="https://maven.apache.org/surefire/maven-surefire-plugin/xsd/surefire-test-report-3.0.xsd" version="3.0" name="us.wistate.enterprise.aht.logsviewer.LogsViewerApplicationTests" time="1.776" tests="1" errors="0" skipped="0" failures="0">
  <properties>
[...]
</properties>
  <testcase name="contextLoads" classname="us.wistate.enterprise.aht.logsviewer.LogsViewerApplicationTests" time="0.774">
    <system-out><![CDATA[08:38:34.484 [main] INFO org.springframework.test.context.support.AnnotationConfigContextLoaderUtils -- Could not detect default configuration classes for test class [us.wistate.enterprise.aht.logsviewer.LogsViewerApplicationTests]: LogsViewerApplicationTests does not declare any static, non-private, non-final, nested classes annotated with @Configuration.
08:38:34.544 [main] INFO org.springframework.boot.test.context.SpringBootTestContextBootstrapper -- Found @SpringBootConfiguration us.wistate.enterprise.aht.logsviewer.LogsViewerApplication for test class us.wistate.enterprise.aht.logsviewer.LogsViewerApplicationTests

  .   ____          _            __ _ _
 /\\ / ___'_ __ _ _(_)_ __  __ _ \ \ \ \
( ( )\___ | '_ | '_| | '_ \/ _` | \ \ \ \
 \\/  ___)| |_)| | | | | || (_| |  ) ) ) )
  '  |____| .__|_| |_|_| |_\__, | / / / /
 =========|_|==============|___/=/_/_/_/
 :: Spring Boot ::                (v3.1.4)

2023-09-29T08:38:34.768-05:00  INFO 36006 --- [           main] u.w.e.a.l.LogsViewerApplicationTests     : Starting LogsViewerApplicationTests using Java 17.0.8.1 with PID 36006 (started by noerodriguez in /Users/noerodriguez/LogsViewer-1)
2023-09-29T08:38:34.769-05:00  INFO 36006 --- [           main] u.w.e.a.l.LogsViewerApplicationTests     : No active profile set, falling back to 1 default profile: "default"
2023-09-29T08:38:35.278-05:00  INFO 36006 --- [           main] o.s.b.a.w.s.WelcomePageHandlerMapping    : Adding welcome page template: index
2023-09-29T08:38:35.380-05:00  INFO 36006 --- [           main] u.w.e.a.l.LogsViewerApplicationTests     : Started LogsViewerApplicationTests in 0.762 seconds (process running for 1.243)
]]></system-out>
  </testcase>
</testsuite>